  SnifferUIDlg.cpp
e:\code\sniffer\snifferui\include\ProtocolHeader.h(85): warning C4005: “DNS_TYPE_A”: 宏重定义
  C:\Program Files (x86)\Windows Kits\8.1\Include\um\windns.h(536): note: 参见“DNS_TYPE_A”的前一个定义
e:\code\sniffer\snifferui\include\ProtocolHeader.h(86): warning C4005: “DNS_TYPE_NS”: 宏重定义
  C:\Program Files (x86)\Windows Kits\8.1\Include\um\windns.h(537): note: 参见“DNS_TYPE_NS”的前一个定义
e:\code\sniffer\snifferui\include\ProtocolHeader.h(87): warning C4005: “DNS_TYPE_MD”: 宏重定义
  C:\Program Files (x86)\Windows Kits\8.1\Include\um\windns.h(538): note: 参见“DNS_TYPE_MD”的前一个定义
e:\code\sniffer\snifferui\include\ProtocolHeader.h(88): warning C4005: “DNS_TYPE_MF”: 宏重定义
  C:\Program Files (x86)\Windows Kits\8.1\Include\um\windns.h(539): note: 参见“DNS_TYPE_MF”的前一个定义
e:\code\sniffer\snifferui\include\ProtocolHeader.h(89): warning C4005: “DNS_TYPE_CNAME”: 宏重定义
  C:\Program Files (x86)\Windows Kits\8.1\Include\um\windns.h(540): note: 参见“DNS_TYPE_CNAME”的前一个定义
e:\code\sniffer\snifferui\include\ProtocolHeader.h(90): warning C4005: “DNS_TYPE_SOA”: 宏重定义
  C:\Program Files (x86)\Windows Kits\8.1\Include\um\windns.h(541): note: 参见“DNS_TYPE_SOA”的前一个定义
e:\code\sniffer\snifferui\include\ProtocolHeader.h(91): warning C4005: “DNS_TYPE_MB”: 宏重定义
  C:\Program Files (x86)\Windows Kits\8.1\Include\um\windns.h(542): note: 参见“DNS_TYPE_MB”的前一个定义
e:\code\sniffer\snifferui\include\ProtocolHeader.h(92): warning C4005: “DNS_TYPE_MG”: 宏重定义
  C:\Program Files (x86)\Windows Kits\8.1\Include\um\windns.h(543): note: 参见“DNS_TYPE_MG”的前一个定义
e:\code\sniffer\snifferui\include\ProtocolHeader.h(93): warning C4005: “DNS_TYPE_MR”: 宏重定义
  C:\Program Files (x86)\Windows Kits\8.1\Include\um\windns.h(544): note: 参见“DNS_TYPE_MR”的前一个定义
e:\code\sniffer\snifferui\include\ProtocolHeader.h(94): warning C4005: “DNS_TYPE_NULL”: 宏重定义
  C:\Program Files (x86)\Windows Kits\8.1\Include\um\windns.h(545): note: 参见“DNS_TYPE_NULL”的前一个定义
e:\code\sniffer\snifferui\include\ProtocolHeader.h(95): warning C4005: “DNS_TYPE_WKS”: 宏重定义
  C:\Program Files (x86)\Windows Kits\8.1\Include\um\windns.h(546): note: 参见“DNS_TYPE_WKS”的前一个定义
e:\code\sniffer\snifferui\include\ProtocolHeader.h(96): warning C4005: “DNS_TYPE_PTR”: 宏重定义
  C:\Program Files (x86)\Windows Kits\8.1\Include\um\windns.h(547): note: 参见“DNS_TYPE_PTR”的前一个定义
e:\code\sniffer\snifferui\include\ProtocolHeader.h(97): warning C4005: “DNS_TYPE_HINFO”: 宏重定义
  C:\Program Files (x86)\Windows Kits\8.1\Include\um\windns.h(548): note: 参见“DNS_TYPE_HINFO”的前一个定义
e:\code\sniffer\snifferui\include\ProtocolHeader.h(98): warning C4005: “DNS_TYPE_MINFO”: 宏重定义
  C:\Program Files (x86)\Windows Kits\8.1\Include\um\windns.h(549): note: 参见“DNS_TYPE_MINFO”的前一个定义
e:\code\sniffer\snifferui\include\ProtocolHeader.h(99): warning C4005: “DNS_TYPE_MX”: 宏重定义
  C:\Program Files (x86)\Windows Kits\8.1\Include\um\windns.h(550): note: 参见“DNS_TYPE_MX”的前一个定义
e:\code\sniffer\snifferui\include\ProtocolHeader.h(101): warning C4005: “DNS_TYPE_AAAA”: 宏重定义
  C:\Program Files (x86)\Windows Kits\8.1\Include\um\windns.h(575): note: 参见“DNS_TYPE_AAAA”的前一个定义
e:\code\sniffer\snifferui\include\ProtocolHeader.h(102): warning C4005: “DNS_TYPE_ANY”: 宏重定义
  C:\Program Files (x86)\Windows Kits\8.1\Include\um\windns.h(663): note: 参见“DNS_TYPE_ANY”的前一个定义
e:\code\sniffer\snifferui\include\ProtocolHeader.h(188): warning C4005: “DHCP_OPTIONS_NETWORK_INFORMATION_SERVICE_DOMAIN_OPTION”: 宏重定义
  e:\code\sniffer\snifferui\include\ProtocolHeader.h(178): note: 参见“DHCP_OPTIONS_NETWORK_INFORMATION_SERVICE_DOMAIN_OPTION”的前一个定义
SnifferUIDlg.cpp(266): warning C4805: “==”: 在操作中将类型“BOOL”与类型“bool”混合不安全
SnifferUIDlg.cpp(675): warning C4018: “<”: 有符号/无符号不匹配
SnifferUIDlg.cpp(710): warning C4018: “<”: 有符号/无符号不匹配
SnifferUIDlg.cpp(719): warning C4018: “<”: 有符号/无符号不匹配
SnifferUIDlg.cpp(2291): warning C4996: 'strcpy': This function or variable may be unsafe. Consider using strcpy_s instead. To disable deprecation, use _CRT_SECURE_NO_WARNINGS. See online help for details.
  C:\Program Files (x86)\Windows Kits\10\Include\10.0.10240.0\ucrt\string.h(119): note: 参见“strcpy”的声明
SnifferUIDlg.cpp(2376): warning C4996: 'strcpy': This function or variable may be unsafe. Consider using strcpy_s instead. To disable deprecation, use _CRT_SECURE_NO_WARNINGS. See online help for details.
  C:\Program Files (x86)\Windows Kits\10\Include\10.0.10240.0\ucrt\string.h(119): note: 参见“strcpy”的声明
  SnifferUI.vcxproj -> E:\Code\Sniffer\SnifferUI\.\Debug\SnifferUI.exe
  SnifferUI.vcxproj -> .\Debug\SnifferUI.pdb (Full PDB)
