e:\code\sniffer\snifferui\debug\snifferui.pch
e:\code\sniffer\snifferui\debug\vc140.pdb
e:\code\sniffer\snifferui\debug\vc140.idb
e:\code\sniffer\snifferui\debug\stdafx.obj
e:\code\sniffer\snifferui\debug\packet.obj
e:\code\sniffer\snifferui\debug\snifferui.obj
e:\code\sniffer\snifferui\debug\snifferuidlg.obj
e:\code\sniffer\snifferui\debug\snifferui.ilk
e:\code\sniffer\snifferui\debug\snifferui.exe
e:\code\sniffer\snifferui\debug\snifferui.pdb
e:\code\sniffer\snifferui\debug\snifferui.res
e:\code\sniffer\snifferui\debug\snifferui.exe.embed.manifest.res
e:\code\sniffer\snifferui\debug\snifferui.exe.embed.manifest
e:\code\sniffer\snifferui\debug\snifferui_manifest.rc
e:\code\sniffer\snifferui\.\debug\snifferui.exe
e:\code\sniffer\snifferui\debug\snifferui.tlog\cl.command.1.tlog
e:\code\sniffer\snifferui\debug\snifferui.tlog\cl.read.1.tlog
e:\code\sniffer\snifferui\debug\snifferui.tlog\cl.write.1.tlog
e:\code\sniffer\snifferui\debug\snifferui.tlog\link.command.1.tlog
e:\code\sniffer\snifferui\debug\snifferui.tlog\link.read.1.tlog
e:\code\sniffer\snifferui\debug\snifferui.tlog\link.write.1.tlog
e:\code\sniffer\snifferui\debug\snifferui.tlog\rc.command.1.tlog
e:\code\sniffer\snifferui\debug\snifferui.tlog\rc.read.1.tlog
e:\code\sniffer\snifferui\debug\snifferui.tlog\rc.write.1.tlog
